[0514/084810.329:ERROR:process_info.cc(625)] range at 0x7f462f4e00000000, size 0x22a fully unreadable
[0514/084810.330:ERROR:process_info.cc(625)] range at 0x7f462f6e00000000, size 0x22a fully unreadable
[0514/084810.330:ERROR:process_info.cc(625)] range at 0x0, size 0x22a fully unreadable
[0514/084810.330:ERROR:process_reader_win.cc(233)] ReadMemory at 0x7ff8c6bf0000 of 64 bytes failed: «апрос ReadProcessMemory или WriteProcessMemory был выполнен только частично. (0x12B)
[0514/084810.330:WARNING:pe_image_reader.cc(281)] could not read dos header from C:\Windows\SYSTEM32\ntdll.dll
[0514/084810.330:ERROR:process_reader_win.cc(233)] ReadMemory at 0x7ff8c3590000 of 64 bytes failed: «апрос ReadProcessMemory или WriteProcessMemory был выполнен только частично. (0x12B)
[0514/084810.330:WARNING:pe_image_reader.cc(281)] could not read dos header from C:\Windows\System32\KERNELBASE.dll
[0514/084810.330:ERROR:process_reader_win.cc(233)] ReadMemory at 0x7ff8c6810000 of 64 bytes failed: «апрос ReadProcessMemory или WriteProcessMemory был выполнен только частично. (0x12B)
[0514/084810.330:WARNING:pe_image_reader.cc(281)] could not read dos header from C:\Windows\System32\KERNEL32.DLL
[0514/084810.332:ERROR:process_reader_win.cc(233)] ReadMemory at 0x7ff8c6bf0000 of 64 bytes failed: «апрос ReadProcessMemory или WriteProcessMemory был выполнен только частично. (0x12B)
[0514/084810.333:WARNING:pe_image_reader.cc(281)] could not read dos header from C:\Windows\SYSTEM32\ntdll.dll
[0514/084810.333:ERROR:process_reader_win.cc(233)] ReadMemory at 0x7ff8c3590000 of 64 bytes failed: «апрос ReadProcessMemory или WriteProcessMemory был выполнен только частично. (0x12B)
[0514/084810.333:WARNING:pe_image_reader.cc(281)] could not read dos header from C:\Windows\System32\KERNELBASE.dll
[0514/084810.333:ERROR:process_reader_win.cc(233)] ReadMemory at 0x7ff8c6810000 of 64 bytes failed: «апрос ReadProcessMemory или WriteProcessMemory был выполнен только частично. (0x12B)
[0514/084810.333:WARNING:pe_image_reader.cc(281)] could not read dos header from C:\Windows\System32\KERNEL32.DLL
[0514/084810.337:ERROR:process_reader_win.cc(233)] ReadMemory at 0x7ff8c6bf0000 of 64 bytes failed: «апрос ReadProcessMemory или WriteProcessMemory был выполнен только частично. (0x12B)
[0514/084810.337:WARNING:pe_image_reader.cc(281)] could not read dos header from C:\Windows\SYSTEM32\ntdll.dll
[0514/084810.337:ERROR:process_reader_win.cc(233)] ReadMemory at 0x7ff8c3590000 of 64 bytes failed: «апрос ReadProcessMemory или WriteProcessMemory был выполнен только частично. (0x12B)
[0514/084810.337:WARNING:pe_image_reader.cc(281)] could not read dos header from C:\Windows\System32\KERNELBASE.dll
[0514/084810.337:ERROR:process_reader_win.cc(233)] ReadMemory at 0x7ff8c6810000 of 64 bytes failed: «апрос ReadProcessMemory или WriteProcessMemory был выполнен только частично. (0x12B)
[0514/084810.337:WARNING:pe_image_reader.cc(281)] could not read dos header from C:\Windows\System32\KERNEL32.DLL
[0514/084810.345:ERROR:process_reader_win.cc(233)] ReadMemory at 0x7ff8c6bf0000 of 64 bytes failed: «апрос ReadProcessMemory или WriteProcessMemory был выполнен только частично. (0x12B)
[0514/084810.345:WARNING:pe_image_reader.cc(281)] could not read dos header from C:\Windows\SYSTEM32\ntdll.dll
[0514/084810.345:ERROR:process_reader_win.cc(233)] ReadMemory at 0x7ff8c3590000 of 64 bytes failed: «апрос ReadProcessMemory или WriteProcessMemory был выполнен только частично. (0x12B)
[0514/084810.345:WARNING:pe_image_reader.cc(281)] could not read dos header from C:\Windows\System32\KERNELBASE.dll
[0514/084810.345:ERROR:process_reader_win.cc(233)] ReadMemory at 0x7ff8c6810000 of 64 bytes failed: «апрос ReadProcessMemory или WriteProcessMemory был выполнен только частично. (0x12B)
[0514/084810.346:WARNING:pe_image_reader.cc(281)] could not read dos header from C:\Windows\System32\KERNEL32.DLL
[0514/084810.350:ERROR:process_reader_win.cc(233)] ReadMemory at 0x7ff8c6bf0000 of 64 bytes failed: «апрос ReadProcessMemory или WriteProcessMemory был выполнен только частично. (0x12B)
[0514/084810.350:WARNING:pe_image_reader.cc(281)] could not read dos header from C:\Windows\SYSTEM32\ntdll.dll
[0514/084810.350:ERROR:process_reader_win.cc(233)] ReadMemory at 0x7ff8c3590000 of 64 bytes failed: «апрос ReadProcessMemory или WriteProcessMemory был выполнен только частично. (0x12B)
[0514/084810.350:WARNING:pe_image_reader.cc(281)] could not read dos header from C:\Windows\System32\KERNELBASE.dll
[0514/084810.350:ERROR:process_reader_win.cc(233)] ReadMemory at 0x7ff8c6810000 of 64 bytes failed: «апрос ReadProcessMemory или WriteProcessMemory был выполнен только частично. (0x12B)
[0514/084810.350:WARNING:pe_image_reader.cc(281)] could not read dos header from C:\Windows\System32\KERNEL32.DLL
[0514/084810.354:ERROR:process_reader_win.cc(233)] ReadMemory at 0x7ff8c6bf0000 of 64 bytes failed: «апрос ReadProcessMemory или WriteProcessMemory был выполнен только частично. (0x12B)
[0514/084810.354:WARNING:pe_image_reader.cc(281)] could not read dos header from C:\Windows\SYSTEM32\ntdll.dll
[0514/084810.354:ERROR:process_reader_win.cc(233)] ReadMemory at 0x7ff8c3590000 of 64 bytes failed: «апрос ReadProcessMemory или WriteProcessMemory был выполнен только частично. (0x12B)
[0514/084810.354:WARNING:pe_image_reader.cc(281)] could not read dos header from C:\Windows\System32\KERNELBASE.dll
[0514/084810.354:ERROR:process_reader_win.cc(233)] ReadMemory at 0x7ff8c6810000 of 64 bytes failed: «апрос ReadProcessMemory или WriteProcessMemory был выполнен только частично. (0x12B)
[0514/084810.354:WARNING:pe_image_reader.cc(281)] could not read dos header from C:\Windows\System32\KERNEL32.DLL
